<?xml version="1.0" encoding="UTF-8"?>
<!-- Generated by org.testng.reporters.JUnitXMLReporter -->
<testsuite ignored="0" hostname="DESKTOP-KA91B3B" failures="1" tests="3" name="Test" time="0.101" errors="0" timestamp="2021-02-27T17:51:51 BDT">
  <testcase classname="seleniumPractice.testNG.ListenerTest" name="Test1" time="0.015"/>
  <testcase classname="seleniumPractice.testNG.ListenerTest" name="Test2" time="0.002">
    <failure type="junit.framework.ComparisonFailure" message="expected:&amp;lt;A&amp;gt; but was:&amp;lt;B&amp;gt;">
      <![CDATA[junit.framework.ComparisonFailure: expected:<A> but was:<B>
at junit.framework.Assert.assertEquals(Assert.java:81)
at junit.framework.Assert.assertEquals(Assert.java:87)
at seleniumPractice.testNG.ListenerTest.Test2(ListenerTest.java:22)
at java.base/java.util.ArrayList.forEach(ArrayList.java:1511)
at java.base/java.util.concurrent.FutureTask.run(FutureTask.java:264)
at java.base/java.util.concurrent.ThreadPoolExecutor.runWorker(ThreadPoolExecutor.java:1130)
at java.base/java.util.concurrent.ThreadPoolExecutor$Worker.run(ThreadPoolExecutor.java:630)
at java.base/java.lang.Thread.run(Thread.java:832)
... Removed 18 stack frames]]>
    </failure>
  </testcase> <!-- Test2 -->
  <testcase classname="seleniumPractice.testNG.ListenerTest" name="Test3" time="0.011">
    <skipped/>
  </testcase> <!-- Test3 -->
</testsuite> <!-- Test -->
