<?xml version="1.0" encoding="UTF-8"?>
<!-- Generated by org.testng.reporters.JUnitXMLReporter -->
<testsuite ignored="0" hostname="DESKTOP-KA91B3B" failures="0" tests="3" name="Default test" time="0.079" errors="0" timestamp="2021-02-27T21:48:07 BDT">
  <testcase classname="seleniumPractice.BatchTesting.LoginTest" name="loginByEmail" time="0.016"/>
  <testcase classname="seleniumPractice.BatchTesting.LoginTest" name="loginByFacebook" time="0.003"/>
  <testcase classname="seleniumPractice.BatchTesting.LoginTest" name="loginByTwitter" time="0.002"/>
</testsuite> <!-- Default test -->
