<?xml version="1.0" encoding="UTF-8"?>
<!-- Generated by org.testng.reporters.JUnitXMLReporter -->
<testsuite ignored="0" hostname="DESKTOP-KA91B3B" failures="0" tests="3" name="Functional Tests" time="0.024" errors="0" timestamp="2021-02-28T17:19:55 BDT">
  <testcase classname="seleniumPractice.BatchTesting.PaymentTest" name="paymentInTaka" time="0.007"/>
  <testcase classname="seleniumPractice.BatchTesting.PaymentTest" name="paymentIndoller" time="0.002"/>
  <testcase classname="seleniumPractice.BatchTesting.PaymentReturns" name="paymentReturnByBank" time="0.003"/>
</testsuite> <!-- Functional Tests -->
