<?xml version="1.0" encoding="UTF-8"?>
<testng-results ignored="0" total="1" passed="1" failed="0" skipped="0">
  <reporter-output>
  </reporter-output>
  <suite started-at="2021-02-22T09:36:00 BDT" name="Default suite" finished-at="2021-02-22T09:36:01 BDT" duration-ms="940">
    <groups>
    </groups>
    <test started-at="2021-02-22T09:36:00 BDT" name="Default test" finished-at="2021-02-22T09:36:01 BDT" duration-ms="940">
      <class name="seleniumPractice.dataDriven.WriteDataIntoMultipleSheet">
        <test-method signature="app()[pri:0, instance:seleniumPractice.dataDriven.WriteDataIntoMultipleSheet@ba2f4ec]" started-at="2021-02-22T09:36:00 BDT" name="app" finished-at="2021-02-22T09:36:01 BDT" duration-ms="885" status="PASS">
          <reporter-output>
          </reporter-output>
        </test-method> <!-- app -->
      </class> <!-- seleniumPractice.dataDriven.WriteDataIntoMultipleSheet -->
    </test> <!-- Default test -->
  </suite> <!-- Default suite -->
</testng-results>
