<?xml version="1.0" encoding="UTF-8"?>
<testng-results ignored="0" total="1" passed="1" failed="0" skipped="0">
  <reporter-output>
  </reporter-output>
  <suite started-at="2021-02-23T23:25:38 BDT" name="Default suite" finished-at="2021-02-23T23:25:52 BDT" duration-ms="13820">
    <groups>
    </groups>
    <test started-at="2021-02-23T23:25:38 BDT" name="Default test" finished-at="2021-02-23T23:25:52 BDT" duration-ms="13820">
      <class name="seleniumPractice.javascriptExecutor.ScrollingAndRefreshPage">
        <test-method signature="app()[pri:0, instance:seleniumPractice.javascriptExecutor.ScrollingAndRefreshPage@24269709]" started-at="2021-02-23T23:25:38 BDT" name="app" finished-at="2021-02-23T23:25:52 BDT" duration-ms="13765" status="PASS">
          <reporter-output>
          </reporter-output>
        </test-method> <!-- app -->
      </class> <!-- seleniumPractice.javascriptExecutor.ScrollingAndRefreshPage -->
    </test> <!-- Default test -->
  </suite> <!-- Default suite -->
</testng-results>
