<?xml version="1.0" encoding="UTF-8"?>
<!-- Generated by org.testng.reporters.JUnitXMLReporter -->
<testsuite ignored="0" hostname="DESKTOP-KA91B3B" failures="0" tests="6" name="sanity Tests" time="0.12" errors="0" timestamp="2021-02-28T17:19:55 BDT">
  <testcase classname="seleniumPractice.BatchTesting.LoginTest" name="loginByEmail" time="0.04"/>
  <testcase classname="seleniumPractice.BatchTesting.LoginTest" name="loginByFacebook" time="0.006"/>
  <testcase classname="seleniumPractice.BatchTesting.LoginTest" name="loginByTwitter" time="0.003"/>
  <testcase classname="seleniumPractice.BatchTesting.SignUpTest" name="signUpByEmail" time="0.001"/>
  <testcase classname="seleniumPractice.BatchTesting.SignUpTest" name="signUpByFacebook" time="0.002"/>
  <testcase classname="seleniumPractice.BatchTesting.SignUpTest" name="signUpByTwitter" time="0.003"/>
</testsuite> <!-- sanity Tests -->
